{"/home/abolfazl/Documents/Learning/Frontend/React/WebPack-GraphQl/src/App.jsx": {"path":"/home/abolfazl/Documents/Learning/Frontend/React/WebPack-GraphQl/src/App.jsx","statementMap":{"0":{"start":{"line":4,"column":4},"end":{"line":4,"column":94}}},"fnMap":{"0":{"name":"App","decl":{"start":{"line":3,"column":9},"end":{"line":3,"column":12}},"loc":{"start":{"line":3,"column":15},"end":{"line":5,"column":1}},"line":3}},"branchMap":{},"s":{"0":1},"f":{"0":1},"b":{},"_coverageSchema":"1a1c01bbd47fc00a2c39e90264f33305004495a9","hash":"da1aca4850baa61a3a1c25dee8efbd88e8f97c96"}
,"/home/abolfazl/Documents/Learning/Frontend/React/WebPack-GraphQl/src/index.js": {"path":"/home/abolfazl/Documents/Learning/Frontend/React/WebPack-GraphQl/src/index.js","statementMap":{"0":{"start":{"line":9,"column":11},"end":{"line":9,"column":41}},"1":{"start":{"line":11,"column":0},"end":{"line":11,"column":29}}},"fnMap":{},"branchMap":{},"s":{"0":0,"1":0},"f":{},"b":{}}
}
